Start testing: Apr 23 08:26 -05
----------------------------------------------------------
1/11 Testing: test_oneseg
1/11 Test: test_oneseg
Command: "/bin/sh" "/home/jordy/gr-oneseg/build/lib/test_oneseg_test.sh"
Directory: /home/jordy/gr-oneseg/build/lib
"test_oneseg" start time: Apr 23 08:26 -05
Output:
----------------------------------------------------------
..........

<end of output>
Test time =   0.01 sec
----------------------------------------------------------
Test Passed.
"test_oneseg" end time: Apr 23 08:26 -05
"test_oneseg" time elapsed: 00:00:00
----------------------------------------------------------

2/11 Testing: qa_ofdm_synchronization_1seg
2/11 Test: qa_ofdm_synchronization_1seg
Command: "/bin/sh" "/home/jordy/gr-oneseg/build/python/qa_ofdm_synchronization_1seg_test.sh"
Directory: /home/jordy/gr-oneseg/build/python
"qa_ofdm_synchronization_1seg" start time: Apr 23 08:26 -05
Output:
----------------------------------------------------------
Traceback (most recent call last):
  File "/home/jordy/gr-oneseg/python/qa_ofdm_synchronization_1seg.py", line 24, in <module>
    import oneseg_swig as oneseg
  File "/home/jordy/gr-oneseg/build/swig/oneseg_swig.py", line 28, in <module>
    _oneseg_swig = swig_import_helper()
  File "/home/jordy/gr-oneseg/build/swig/oneseg_swig.py", line 24, in swig_import_helper
    _mod = imp.load_module('_oneseg_swig', fp, pathname, description)
ImportError: /home/jordy/gr-oneseg/build/lib/libgnuradio-oneseg-1.0.0git.so.0.0.0: undefined symbol: d_viterbi_butterfly2_sse2
<end of output>
Test time =   0.53 sec
----------------------------------------------------------
Test Failed.
"qa_ofdm_synchronization_1seg" end time: Apr 23 08:26 -05
"qa_ofdm_synchronization_1seg" time elapsed: 00:00:00
----------------------------------------------------------

3/11 Testing: qa_tmcc_decoder_1seg
3/11 Test: qa_tmcc_decoder_1seg
Command: "/bin/sh" "/home/jordy/gr-oneseg/build/python/qa_tmcc_decoder_1seg_test.sh"
Directory: /home/jordy/gr-oneseg/build/python
"qa_tmcc_decoder_1seg" start time: Apr 23 08:26 -05
Output:
----------------------------------------------------------
Traceback (most recent call last):
  File "/home/jordy/gr-oneseg/python/qa_tmcc_decoder_1seg.py", line 24, in <module>
    import oneseg_swig as oneseg
  File "/home/jordy/gr-oneseg/build/swig/oneseg_swig.py", line 28, in <module>
    _oneseg_swig = swig_import_helper()
  File "/home/jordy/gr-oneseg/build/swig/oneseg_swig.py", line 24, in swig_import_helper
    _mod = imp.load_module('_oneseg_swig', fp, pathname, description)
ImportError: /home/jordy/gr-oneseg/build/lib/libgnuradio-oneseg-1.0.0git.so.0.0.0: undefined symbol: d_viterbi_butterfly2_sse2
<end of output>
Test time =   0.53 sec
----------------------------------------------------------
Test Failed.
"qa_tmcc_decoder_1seg" end time: Apr 23 08:26 -05
"qa_tmcc_decoder_1seg" time elapsed: 00:00:00
----------------------------------------------------------

4/11 Testing: qa_frequency_deinterleaver_1seg
4/11 Test: qa_frequency_deinterleaver_1seg
Command: "/bin/sh" "/home/jordy/gr-oneseg/build/python/qa_frequency_deinterleaver_1seg_test.sh"
Directory: /home/jordy/gr-oneseg/build/python
"qa_frequency_deinterleaver_1seg" start time: Apr 23 08:26 -05
Output:
----------------------------------------------------------
Traceback (most recent call last):
  File "/home/jordy/gr-oneseg/python/qa_frequency_deinterleaver_1seg.py", line 24, in <module>
    import oneseg_swig as oneseg
  File "/home/jordy/gr-oneseg/build/swig/oneseg_swig.py", line 28, in <module>
    _oneseg_swig = swig_import_helper()
  File "/home/jordy/gr-oneseg/build/swig/oneseg_swig.py", line 24, in swig_import_helper
    _mod = imp.load_module('_oneseg_swig', fp, pathname, description)
ImportError: /home/jordy/gr-oneseg/build/lib/libgnuradio-oneseg-1.0.0git.so.0.0.0: undefined symbol: d_viterbi_butterfly2_sse2
<end of output>
Test time =   0.53 sec
----------------------------------------------------------
Test Failed.
"qa_frequency_deinterleaver_1seg" end time: Apr 23 08:26 -05
"qa_frequency_deinterleaver_1seg" time elapsed: 00:00:00
----------------------------------------------------------

5/11 Testing: qa_time_deinterleaver_1seg
5/11 Test: qa_time_deinterleaver_1seg
Command: "/bin/sh" "/home/jordy/gr-oneseg/build/python/qa_time_deinterleaver_1seg_test.sh"
Directory: /home/jordy/gr-oneseg/build/python
"qa_time_deinterleaver_1seg" start time: Apr 23 08:26 -05
Output:
----------------------------------------------------------
Traceback (most recent call last):
  File "/home/jordy/gr-oneseg/python/qa_time_deinterleaver_1seg.py", line 24, in <module>
    import oneseg_swig as oneseg
  File "/home/jordy/gr-oneseg/build/swig/oneseg_swig.py", line 28, in <module>
    _oneseg_swig = swig_import_helper()
  File "/home/jordy/gr-oneseg/build/swig/oneseg_swig.py", line 24, in swig_import_helper
    _mod = imp.load_module('_oneseg_swig', fp, pathname, description)
ImportError: /home/jordy/gr-oneseg/build/lib/libgnuradio-oneseg-1.0.0git.so.0.0.0: undefined symbol: d_viterbi_butterfly2_sse2
<end of output>
Test time =   0.53 sec
----------------------------------------------------------
Test Failed.
"qa_time_deinterleaver_1seg" end time: Apr 23 08:26 -05
"qa_time_deinterleaver_1seg" time elapsed: 00:00:00
----------------------------------------------------------

6/11 Testing: qa_symbol_demapper_1seg
6/11 Test: qa_symbol_demapper_1seg
Command: "/bin/sh" "/home/jordy/gr-oneseg/build/python/qa_symbol_demapper_1seg_test.sh"
Directory: /home/jordy/gr-oneseg/build/python
"qa_symbol_demapper_1seg" start time: Apr 23 08:26 -05
Output:
----------------------------------------------------------
Traceback (most recent call last):
  File "/home/jordy/gr-oneseg/python/qa_symbol_demapper_1seg.py", line 24, in <module>
    import oneseg_swig as oneseg
  File "/home/jordy/gr-oneseg/build/swig/oneseg_swig.py", line 28, in <module>
    _oneseg_swig = swig_import_helper()
  File "/home/jordy/gr-oneseg/build/swig/oneseg_swig.py", line 24, in swig_import_helper
    _mod = imp.load_module('_oneseg_swig', fp, pathname, description)
ImportError: /home/jordy/gr-oneseg/build/lib/libgnuradio-oneseg-1.0.0git.so.0.0.0: undefined symbol: d_viterbi_butterfly2_sse2
<end of output>
Test time =   0.53 sec
----------------------------------------------------------
Test Failed.
"qa_symbol_demapper_1seg" end time: Apr 23 08:26 -05
"qa_symbol_demapper_1seg" time elapsed: 00:00:00
----------------------------------------------------------

7/11 Testing: qa_bit_deinterleaver
7/11 Test: qa_bit_deinterleaver
Command: "/bin/sh" "/home/jordy/gr-oneseg/build/python/qa_bit_deinterleaver_test.sh"
Directory: /home/jordy/gr-oneseg/build/python
"qa_bit_deinterleaver" start time: Apr 23 08:26 -05
Output:
----------------------------------------------------------
Traceback (most recent call last):
  File "/home/jordy/gr-oneseg/python/qa_bit_deinterleaver.py", line 24, in <module>
    import oneseg_swig as oneseg
  File "/home/jordy/gr-oneseg/build/swig/oneseg_swig.py", line 28, in <module>
    _oneseg_swig = swig_import_helper()
  File "/home/jordy/gr-oneseg/build/swig/oneseg_swig.py", line 24, in swig_import_helper
    _mod = imp.load_module('_oneseg_swig', fp, pathname, description)
ImportError: /home/jordy/gr-oneseg/build/lib/libgnuradio-oneseg-1.0.0git.so.0.0.0: undefined symbol: d_viterbi_butterfly2_sse2
<end of output>
Test time =   0.53 sec
----------------------------------------------------------
Test Failed.
"qa_bit_deinterleaver" end time: Apr 23 08:26 -05
"qa_bit_deinterleaver" time elapsed: 00:00:00
----------------------------------------------------------

8/11 Testing: qa_viterbi_decoder
8/11 Test: qa_viterbi_decoder
Command: "/bin/sh" "/home/jordy/gr-oneseg/build/python/qa_viterbi_decoder_test.sh"
Directory: /home/jordy/gr-oneseg/build/python
"qa_viterbi_decoder" start time: Apr 23 08:26 -05
Output:
----------------------------------------------------------
Traceback (most recent call last):
  File "/home/jordy/gr-oneseg/python/qa_viterbi_decoder.py", line 24, in <module>
    import oneseg_swig as oneseg
  File "/home/jordy/gr-oneseg/build/swig/oneseg_swig.py", line 28, in <module>
    _oneseg_swig = swig_import_helper()
  File "/home/jordy/gr-oneseg/build/swig/oneseg_swig.py", line 24, in swig_import_helper
    _mod = imp.load_module('_oneseg_swig', fp, pathname, description)
ImportError: /home/jordy/gr-oneseg/build/lib/libgnuradio-oneseg-1.0.0git.so.0.0.0: undefined symbol: d_viterbi_butterfly2_sse2
<end of output>
Test time =   0.53 sec
----------------------------------------------------------
Test Failed.
"qa_viterbi_decoder" end time: Apr 23 08:26 -05
"qa_viterbi_decoder" time elapsed: 00:00:00
----------------------------------------------------------

9/11 Testing: qa_byte_deinterleaver
9/11 Test: qa_byte_deinterleaver
Command: "/bin/sh" "/home/jordy/gr-oneseg/build/python/qa_byte_deinterleaver_test.sh"
Directory: /home/jordy/gr-oneseg/build/python
"qa_byte_deinterleaver" start time: Apr 23 08:26 -05
Output:
----------------------------------------------------------
Traceback (most recent call last):
  File "/home/jordy/gr-oneseg/python/qa_byte_deinterleaver.py", line 24, in <module>
    import oneseg_swig as oneseg
  File "/home/jordy/gr-oneseg/build/swig/oneseg_swig.py", line 28, in <module>
    _oneseg_swig = swig_import_helper()
  File "/home/jordy/gr-oneseg/build/swig/oneseg_swig.py", line 24, in swig_import_helper
    _mod = imp.load_module('_oneseg_swig', fp, pathname, description)
ImportError: /home/jordy/gr-oneseg/build/lib/libgnuradio-oneseg-1.0.0git.so.0.0.0: undefined symbol: d_viterbi_butterfly2_sse2
<end of output>
Test time =   0.53 sec
----------------------------------------------------------
Test Failed.
"qa_byte_deinterleaver" end time: Apr 23 08:26 -05
"qa_byte_deinterleaver" time elapsed: 00:00:00
----------------------------------------------------------

10/11 Testing: qa_energy_descrambler
10/11 Test: qa_energy_descrambler
Command: "/bin/sh" "/home/jordy/gr-oneseg/build/python/qa_energy_descrambler_test.sh"
Directory: /home/jordy/gr-oneseg/build/python
"qa_energy_descrambler" start time: Apr 23 08:26 -05
Output:
----------------------------------------------------------
Traceback (most recent call last):
  File "/home/jordy/gr-oneseg/python/qa_energy_descrambler.py", line 24, in <module>
    import oneseg_swig as oneseg
  File "/home/jordy/gr-oneseg/build/swig/oneseg_swig.py", line 28, in <module>
    _oneseg_swig = swig_import_helper()
  File "/home/jordy/gr-oneseg/build/swig/oneseg_swig.py", line 24, in swig_import_helper
    _mod = imp.load_module('_oneseg_swig', fp, pathname, description)
ImportError: /home/jordy/gr-oneseg/build/lib/libgnuradio-oneseg-1.0.0git.so.0.0.0: undefined symbol: d_viterbi_butterfly2_sse2
<end of output>
Test time =   0.53 sec
----------------------------------------------------------
Test Failed.
"qa_energy_descrambler" end time: Apr 23 08:26 -05
"qa_energy_descrambler" time elapsed: 00:00:00
----------------------------------------------------------

11/11 Testing: qa_reed_solomon_dec_isdbt
11/11 Test: qa_reed_solomon_dec_isdbt
Command: "/bin/sh" "/home/jordy/gr-oneseg/build/python/qa_reed_solomon_dec_isdbt_test.sh"
Directory: /home/jordy/gr-oneseg/build/python
"qa_reed_solomon_dec_isdbt" start time: Apr 23 08:26 -05
Output:
----------------------------------------------------------
Traceback (most recent call last):
  File "/home/jordy/gr-oneseg/python/qa_reed_solomon_dec_isdbt.py", line 24, in <module>
    import oneseg_swig as oneseg
  File "/home/jordy/gr-oneseg/build/swig/oneseg_swig.py", line 28, in <module>
    _oneseg_swig = swig_import_helper()
  File "/home/jordy/gr-oneseg/build/swig/oneseg_swig.py", line 24, in swig_import_helper
    _mod = imp.load_module('_oneseg_swig', fp, pathname, description)
ImportError: /home/jordy/gr-oneseg/build/lib/libgnuradio-oneseg-1.0.0git.so.0.0.0: undefined symbol: d_viterbi_butterfly2_sse2
<end of output>
Test time =   0.54 sec
----------------------------------------------------------
Test Failed.
"qa_reed_solomon_dec_isdbt" end time: Apr 23 08:26 -05
"qa_reed_solomon_dec_isdbt" time elapsed: 00:00:00
----------------------------------------------------------

End testing: Apr 23 08:26 -05
